<?xml version="1.0" encoding="UTF-8"?>
<!-- Generated by org.testng.reporters.JUnitReportReporter -->
<testsuite hostname="QZ-LT-R-CTK-023" failures="0" tests="2" name="End_To_End_SeleniumFramework.Code3ErrorValidations2" time="21.224" errors="0" timestamp="18 Nov 2024 06:53:13 GMT" skipped="0">
  <testcase classname="End_To_End_SeleniumFramework.Code3ErrorValidations2" name="productCatalog" time="14.718"/>
  <testcase classname="End_To_End_SeleniumFramework.Code3ErrorValidations2" name="logInPage" time="6.506"/>
</testsuite> <!-- End_To_End_SeleniumFramework.Code3ErrorValidations2 -->
