<?xml version="1.0" encoding="UTF-8"?>
<!-- Generated by org.testng.reporters.JUnitReportReporter -->
<testsuite hostname="QZ-LT-R-CTK-023" failures="0" tests="1" name="End_To_End_SeleniumFramework.Code2SubmitOrderTest_2" time="18.444" errors="0" timestamp="14 Oct 2024 05:44:16 GMT" skipped="0">
  <testcase classname="End_To_End_SeleniumFramework.Code2SubmitOrderTest_2" name="submmitOrder" time="18.444"/>
</testsuite> <!-- End_To_End_SeleniumFramework.Code2SubmitOrderTest_2 -->
