<?xml version="1.0" encoding="UTF-8"?>
<!-- Generated by org.testng.reporters.JUnitReportReporter -->
<testsuite hostname="QZ-LT-R-CTK-023" failures="0" tests="2" name="End_To_End_SeleniumFramework.Code3ErrorValidations1" time="31.055" errors="0" timestamp="20 Nov 2024 04:09:39 GMT" skipped="0">
  <testcase classname="End_To_End_SeleniumFramework.Code3ErrorValidations1" name="logInPage" time="10.753"/>
  <testcase classname="End_To_End_SeleniumFramework.Code3ErrorValidations1" name="productCatalog" time="20.302"/>
</testsuite> <!-- End_To_End_SeleniumFramework.Code3ErrorValidations1 -->
