<?xml version="1.0" encoding="UTF-8"?>
<!-- Generated by org.testng.reporters.JUnitReportReporter -->
<testsuite hostname="QZ-LT-R-CTK-023" failures="1" tests="2" name="End_To_End_SeleniumFramework.Code5HashMapToDataProviderToSendTheDataAsOneHashObject" time="135.834" errors="0" timestamp="20 Nov 2024 04:20:26 GMT" skipped="0">
  <testcase classname="End_To_End_SeleniumFramework.Code5HashMapToDataProviderToSendTheDataAsOneHashObject" name="submitOrder" time="75.044">
    <failure message="expected [true] but found [false]" type="java.lang.AssertionError">
      <![CDATA[java.lang.AssertionError: expected [true] but found [false]
at org.testng.Assert.fail(Assert.java:96)
at org.testng.Assert.failNotEquals(Assert.java:776)
at org.testng.Assert.assertTrue(Assert.java:44)
at org.testng.Assert.assertTrue(Assert.java:54)
at End_To_End_SeleniumFramework.Code5HashMapToDataProviderToSendTheDataAsOneHashObject.submitOrder(Code5HashMapToDataProviderToSendTheDataAsOneHashObject.java:31)
at java.base/jdk.internal.reflect.DirectMethodHandleAccessor.invoke(DirectMethodHandleAccessor.java:103)
at java.base/java.lang.reflect.Method.invoke(Method.java:580)
at org.testng.internal.MethodInvocationHelper.invokeMethod(MethodInvocationHelper.java:124)
at org.testng.internal.Invoker.invokeMethod(Invoker.java:583)
at org.testng.internal.Invoker.invokeTestMethod(Invoker.java:719)
at org.testng.internal.Invoker.invokeTestMethods(Invoker.java:989)
at org.testng.internal.TestMethodWorker.invokeTestMethods(TestMethodWorker.java:125)
at org.testng.internal.TestMethodWorker.run(TestMethodWorker.java:109)
at java.base/java.util.concurrent.ThreadPoolExecutor.runWorker(ThreadPoolExecutor.java:1144)
at java.base/java.util.concurrent.ThreadPoolExecutor$Worker.run(ThreadPoolExecutor.java:642)
at java.base/java.lang.Thread.run(Thread.java:1583)
]]>
    </failure>
  </testcase> <!-- submitOrder -->
  <testcase classname="End_To_End_SeleniumFramework.Code5HashMapToDataProviderToSendTheDataAsOneHashObject" name="submitOrder" time="60.790"/>
</testsuite> <!-- End_To_End_SeleniumFramework.Code5HashMapToDataProviderToSendTheDataAsOneHashObject -->
