<?xml version="1.0" encoding="UTF-8"?>
<!-- Generated by org.testng.reporters.JUnitReportReporter -->
<testsuite hostname="QZ-LT-R-CTK-023" failures="0" tests="2" name="End_To_End_SeleniumFramework.Code6ReadTheDataFromJsonFilesAndCreateTheListOfHashMapsForTesting" time="36.240" errors="0" timestamp="08 Nov 2024 05:29:58 GMT" skipped="0">
  <testcase classname="End_To_End_SeleniumFramework.Code6ReadTheDataFromJsonFilesAndCreateTheListOfHashMapsForTesting" name="submitOrder" time="16.715"/>
  <testcase classname="End_To_End_SeleniumFramework.Code6ReadTheDataFromJsonFilesAndCreateTheListOfHashMapsForTesting" name="submitOrder" time="19.525"/>
</testsuite> <!-- End_To_End_SeleniumFramework.Code6ReadTheDataFromJsonFilesAndCreateTheListOfHashMapsForTesting -->
