<?xml version="1.0" encoding="UTF-8"?>
<!-- Generated by org.testng.reporters.JUnitReportReporter -->
<testsuite hostname="QZ-LT-R-CTK-023" failures="0" tests="1" name="End_To_End_SeleniumFramework.Code2SubmitOrderTest1" time="20.818" errors="0" timestamp="20 Nov 2024 04:09:39 GMT" skipped="0">
  <testcase classname="End_To_End_SeleniumFramework.Code2SubmitOrderTest1" name="submitOrder" time="20.818"/>
</testsuite> <!-- End_To_End_SeleniumFramework.Code2SubmitOrderTest1 -->
