<?xml version="1.0" encoding="UTF-8"?>
<!-- Generated by org.testng.reporters.JUnitReportReporter -->
<testsuite hostname="QZ-LT-R-CTK-023" failures="0" tests="2" name="End_To_End_SeleniumFramework.Code4ImplementingParameterizationIntoTestsWithTestNGDataProvider" time="119.347" errors="0" timestamp="20 Nov 2024 04:20:26 GMT" skipped="0">
  <testcase classname="End_To_End_SeleniumFramework.Code4ImplementingParameterizationIntoTestsWithTestNGDataProvider" name="submitOrder" time="61.077"/>
  <testcase classname="End_To_End_SeleniumFramework.Code4ImplementingParameterizationIntoTestsWithTestNGDataProvider" name="submitOrder" time="58.270"/>
</testsuite> <!-- End_To_End_SeleniumFramework.Code4ImplementingParameterizationIntoTestsWithTestNGDataProvider -->
