<?xml version="1.0" encoding="UTF-8"?>
<!-- Generated by org.testng.reporters.JUnitReportReporter -->
<testsuite hostname="QZ-LT-R-CTK-023" failures="0" tests="2" name="End_To_End_SeleniumFramework.Code3ErrorValidations1" time="19.588" errors="0" timestamp="12 Dec 2024 05:28:39 GMT" skipped="0">
  <testcase classname="End_To_End_SeleniumFramework.Code3ErrorValidations1" name="logInPage" time="4.979"/>
  <testcase classname="End_To_End_SeleniumFramework.Code3ErrorValidations1" name="productCatalog" time="14.609"/>
</testsuite> <!-- End_To_End_SeleniumFramework.Code3ErrorValidations1 -->
