<?xml version="1.0" encoding="UTF-8"?>
<!-- Generated by org.testng.reporters.JUnitReportReporter -->
<testsuite hostname="QZ-LT-R-CTK-023" failures="0" tests="2" name="End_To_End_SeleniumFramework.Code4ImplementingParameterizationIntoTestsWithTestNGDataProvider" time="153.188" errors="0" timestamp="20 Nov 2024 07:33:28 GMT" skipped="0">
  <testcase classname="End_To_End_SeleniumFramework.Code4ImplementingParameterizationIntoTestsWithTestNGDataProvider" name="submitOrder" time="47.750"/>
  <testcase classname="End_To_End_SeleniumFramework.Code4ImplementingParameterizationIntoTestsWithTestNGDataProvider" name="submitOrder" time="105.438"/>
</testsuite> <!-- End_To_End_SeleniumFramework.Code4ImplementingParameterizationIntoTestsWithTestNGDataProvider -->
