<?xml version="1.0" encoding="UTF-8"?>
<!-- Generated by org.testng.reporters.JUnitReportReporter -->
<testsuite hostname="QZ-LT-R-CTK-023" failures="0" tests="1" name="End_To_End_SeleniumFramework.Code2SubmitOrderTest1" time="20.748" errors="0" timestamp="12 Dec 2024 05:28:39 GMT" skipped="0">
  <testcase classname="End_To_End_SeleniumFramework.Code2SubmitOrderTest1" name="submitOrder" time="20.748"/>
</testsuite> <!-- End_To_End_SeleniumFramework.Code2SubmitOrderTest1 -->
