<?xml version="1.0" encoding="UTF-8"?>
<!-- Generated by org.testng.reporters.JUnitReportReporter -->
<testsuite hostname="QZ-LT-R-CTK-023" failures="0" tests="2" name="End_To_End_SeleniumFramework.Code2SubmitOrderTest2" time="30.905" errors="0" timestamp="20 Nov 2024 05:14:00 GMT" skipped="0">
  <testcase classname="End_To_End_SeleniumFramework.Code2SubmitOrderTest2" name="OrderHistory" time="10.332"/>
  <testcase classname="End_To_End_SeleniumFramework.Code2SubmitOrderTest2" name="submitOrder" time="20.573"/>
</testsuite> <!-- End_To_End_SeleniumFramework.Code2SubmitOrderTest2 -->
