<?xml version="1.0" encoding="UTF-8"?>
<!-- Generated by org.testng.reporters.JUnitReportReporter -->
<testsuite hostname="QZ-LT-R-CTK-023" failures="0" tests="2" name="End_To_End_SeleniumFramework.Code6ReadTheDataFromJsonFilesAndCreateTheListOfHashMapsForTesting" time="40.531" errors="0" timestamp="20 Nov 2024 04:47:29 GMT" skipped="0">
  <testcase classname="End_To_End_SeleniumFramework.Code6ReadTheDataFromJsonFilesAndCreateTheListOfHashMapsForTesting" name="submitOrder" time="21.190"/>
  <testcase classname="End_To_End_SeleniumFramework.Code6ReadTheDataFromJsonFilesAndCreateTheListOfHashMapsForTesting" name="submitOrder" time="19.341"/>
</testsuite> <!-- End_To_End_SeleniumFramework.Code6ReadTheDataFromJsonFilesAndCreateTheListOfHashMapsForTesting -->
