<?xml version="1.0" encoding="UTF-8"?>
<!-- Generated by org.testng.reporters.JUnitReportReporter -->
<testsuite hostname="QZ-LT-R-CTK-023" failures="0" tests="1" name="End_To_End_SeleniumFramework.Code3ErrorValidations2" time="11.697" errors="0" timestamp="20 Nov 2024 04:39:19 GMT" skipped="0">
  <testcase classname="End_To_End_SeleniumFramework.Code3ErrorValidations2" name="logInPage" time="11.697"/>
</testsuite> <!-- End_To_End_SeleniumFramework.Code3ErrorValidations2 -->
